Arguments: 
  /Users/macbook/.nvm/versions/node/v14.16.1/bin/node /usr/local/Cellar/yarn/1.22.11/libexec/bin/yarn.js add fineprint.css

PATH: 
  /Users/macbook/.nvm/versions/node/v14.16.1/bin:/Users/macbook/.symfony/bin:/usr/local/mysql/bin:/Users/macbook/.symfony/bin:/usr/local/mysql/bin:/usr/local/bin:/usr/bin:/bin:/usr/sbin:/sbin:/opt/X11/bin:/Library/Apple/usr/bin:/Users/macbook/.rbenv/shims:”/Users/macbook/.rbenv/bin:/usr/local/sbin:/Library/Apple/usr/bin”‘

Yarn version: 
  1.22.11

Node version: 
  14.16.1

Platform: 
  darwin x64

Trace: 
  Error: https://registry.npmjs.org/fineprint.css: Not found
      at Request.params.callback [as _callback] (/usr/local/Cellar/yarn/1.22.11/libexec/lib/cli.js:66992:18)
      at Request.self.callback (/usr/local/Cellar/yarn/1.22.11/libexec/lib/cli.js:140763:22)
      at Request.emit (events.js:315:20)
      at Request.<anonymous> (/usr/local/Cellar/yarn/1.22.11/libexec/lib/cli.js:141735:10)
      at Request.emit (events.js:315:20)
      at IncomingMessage.<anonymous> (/usr/local/Cellar/yarn/1.22.11/libexec/lib/cli.js:141657:12)
      at Object.onceWrapper (events.js:421:28)
      at IncomingMessage.emit (events.js:327:22)
      at endReadableNT (internal/streams/readable.js:1327:12)
      at processTicksAndRejections (internal/process/task_queues.js:80:21)

npm manifest: 
  No manifest

yarn manifest: 
  No manifest

Lockfile: 
  No lockfile
